Task 1:

  952  cd taxidata
  960  grep -E "^[^,]*,[^,]2019-05-11" 2019-05.csv > pickup511.txt
  971  cut -f 17 -d, pickup511.txt >> totamt511.txt
  978  awk '{sum+=$1} END { print sum/NR}' totamt511.txt > avgamt511.txt

Task 2:

 1005  sort -nr totamt511.txt > hightotamt511.txt

Task 3:

 1007  grep -E "^([^,]*,){3}([3-9]{1})" 2019-05.csv > 3ormorecustmay.txt
 1014  cut -f 9 -d, 3ormorecustmay.txt > dolocmay.txt
 1015  head dolocmay.txt
 1016  sort dolocmay.txt > sortdolocmay.txt
 1017  head sortdolocmay.txt
 1018  uniq -c sortdolocmay.txt | sort -nr > popdolocmay.txt
 1019  head popdolocmay.txt

Task 4:

 1024  grep -E "^[^,]*,[^,]2019-05-20" 2019-05.csv | cut -f 8 -d, | sort | uniq -c | sort -nr > poppuloc520.txt
 1025  head poppuloc520.txt
 1041  grep -E "^[^,]*,[^,]2019-05-20" 2019-05.csv > puloc520.txt
 1042  grep -E "^([^,]*,){7}237.0" puloc520.txt | cut -f 9 -d, | sort | uniq -c | sort -nr > popdoloc520.txt
 1043  head popdoloc520.txt

Task 5:

 1050  cut -f 8 -d, 2019-01.csv 2019-02.csv 2019-03.csv 2019-04.csv 2019-05.csv 2019-06.csv 2019-07.csv 2019-08.csv 2019-09.csv 2019-10.csv 2019-11.csv 2019-12.csv | sort | uniq -c | sort -nr > poppuloc2019.txt
 1051  head poppuloc2019.txt
 1052  history > cmds.log
